<?xml version="1.0" encoding="UTF-8"?>
<testng-results ignored="0" total="1" passed="1" failed="0" skipped="0">
  <reporter-output>
  </reporter-output>
  <suite started-at="2021-04-24T00:49:51 ANAT" name="Default suite" finished-at="2021-04-24T00:49:55 ANAT" duration-ms="3764">
    <groups>
    </groups>
    <test started-at="2021-04-24T00:49:51 ANAT" name="Default test" finished-at="2021-04-24T00:49:55 ANAT" duration-ms="3764">
      <class name="com.reqres.post.login.UserLogin">
        <test-method signature="createUser()[pri:0, instance:com.reqres.post.login.UserLogin@20ccf40b]" started-at="2021-04-24T00:49:51 ANAT" name="createUser" finished-at="2021-04-24T00:49:55 ANAT" duration-ms="3697" status="PASS">
          <reporter-output>
          </reporter-output>
        </test-method> <!-- createUser -->
      </class> <!-- com.reqres.post.login.UserLogin -->
    </test> <!-- Default test -->
  </suite> <!-- Default suite -->
</testng-results>
